2023-08-07 17:31:01,765 : INFO : test_automation : Nabia Sharli
2023-08-07 17:31:01,905 : INFO : test_automation : nabia8256@gmail.com
2023-08-07 17:31:01,995 : INFO : test_automation : 123456
2023-08-07 17:31:02,186 : INFO : test_automation : Female
2023-08-07 17:31:02,335 : INFO : test_automation : 06/06/2006
2023-08-07 17:31:47,465 : INFO : test_home_page : Nabia Sharli
2023-08-07 17:31:47,589 : INFO : test_home_page : nabia8256@gmail.com
2023-08-07 17:31:47,685 : INFO : test_home_page : 123456
2023-08-07 17:31:47,859 : INFO : test_home_page : Female
2023-08-07 17:31:48,005 : INFO : test_home_page : 06/06/2006
2023-08-07 17:39:48,109 : INFO : test_home_page : Nabia Sharli
2023-08-07 17:39:48,232 : INFO : test_home_page : nabia8256@gmail.com
2023-08-07 17:39:48,331 : INFO : test_home_page : 123456
2023-08-07 17:39:48,501 : INFO : test_home_page : Female
2023-08-07 17:39:48,649 : INFO : test_home_page : 06/06/2006
2023-08-07 17:40:45,192 : INFO : test_home_page : Nabia Sharli
2023-08-07 17:40:45,326 : INFO : test_home_page : nabia8256@gmail.com
2023-08-07 17:40:45,425 : INFO : test_home_page : 123456
2023-08-07 17:40:45,606 : INFO : test_home_page : Female
2023-08-07 17:40:45,753 : INFO : test_home_page : 06/06/2006
